<?xml version="1.0" encoding="UTF-8"?>
<testsuite xmlns:xsi="http://www.w3.org/2001/XMLSchema-instance" xsi:noNamespaceSchemaLocation="https://maven.apache.org/surefire/maven-surefire-plugin/xsd/surefire-test-report-3.0.xsd" version="3.0" name="cl.kibernumacademy.service.ProductManagerTest" time="0.158" tests="10" errors="0" skipped="0" failures="0">
  <properties>
[...]
</properties>
  <testcase name="eliminarProductoExistente" classname="cl.kibernumacademy.service.ProductManagerTest" time="0.038"/>
  <testcase name="actualizarProductoExistente" classname="cl.kibernumacademy.service.ProductManagerTest" time="0.002"/>
  <testcase name="eliminarProductoInexistente" classname="cl.kibernumacademy.service.ProductManagerTest" time="0.003"/>
  <testcase name="usoDeAssumeTrue" classname="cl.kibernumacademy.service.ProductManagerTest" time="0.003"/>
  <testcase name="testAgregarProductosConParametros(String, String, double)[1]" classname="cl.kibernumacademy.service.ProductManagerTest" time="0.028"/>
  <testcase name="testAgregarProductosConParametros(String, String, double)[2]" classname="cl.kibernumacademy.service.ProductManagerTest" time="0.003"/>
  <testcase name="testAgregarProductosConParametros(String, String, double)[3]" classname="cl.kibernumacademy.service.ProductManagerTest" time="0.002"/>
  <testcase name="usoDeAssumingThat" classname="cl.kibernumacademy.service.ProductManagerTest" time="0.002"/>
  <testcase name="noActualizarProductoInexistente" classname="cl.kibernumacademy.service.ProductManagerTest" time="0.002"/>
  <testcase name="agregarProducto" classname="cl.kibernumacademy.service.ProductManagerTest" time="0.003"/>
</testsuite>